mode: set
github.com/absfs/ptfs/ptfile.go:14.30,16.2 1 0
github.com/absfs/ptfs/ptfile.go:18.44,20.2 1 0
github.com/absfs/ptfs/ptfile.go:22.63,24.2 1 0
github.com/absfs/ptfs/ptfile.go:26.45,28.2 1 0
github.com/absfs/ptfs/ptfile.go:30.64,32.2 1 0
github.com/absfs/ptfs/ptfile.go:34.30,36.2 1 0
github.com/absfs/ptfs/ptfile.go:38.70,40.2 1 0
github.com/absfs/ptfs/ptfile.go:42.44,44.2 1 0
github.com/absfs/ptfs/ptfile.go:46.29,48.2 1 0
github.com/absfs/ptfs/ptfile.go:50.54,52.2 1 0
github.com/absfs/ptfs/ptfile.go:54.54,56.2 1 0
github.com/absfs/ptfs/ptfile.go:58.43,60.2 1 0
github.com/absfs/ptfs/ptfile.go:62.57,64.2 1 0
github.com/absfs/ptfs/ptfile.go:66.54,68.2 1 0
github.com/absfs/ptfs/ptfs.go:15.47,17.2 1 1
github.com/absfs/ptfs/ptfs.go:22.87,24.2 1 1
github.com/absfs/ptfs/ptfs.go:28.60,30.2 1 1
github.com/absfs/ptfs/ptfs.go:34.43,36.2 1 1
github.com/absfs/ptfs/ptfs.go:38.55,40.2 1 1
github.com/absfs/ptfs/ptfs.go:44.56,46.2 1 1
github.com/absfs/ptfs/ptfs.go:49.60,51.2 1 1
github.com/absfs/ptfs/ptfs.go:54.78,56.2 1 1
github.com/absfs/ptfs/ptfs.go:59.56,61.2 1 1
github.com/absfs/ptfs/ptfs.go:63.61,65.2 1 0
github.com/absfs/ptfs/ptfs.go:67.55,69.2 1 0
github.com/absfs/ptfs/ptfs.go:71.48,73.2 1 0
github.com/absfs/ptfs/ptfs.go:79.54,81.2 1 1
github.com/absfs/ptfs/ptfs.go:86.92,88.2 1 1
github.com/absfs/ptfs/ptfs.go:92.65,94.2 1 1
github.com/absfs/ptfs/ptfs.go:98.48,100.2 1 1
github.com/absfs/ptfs/ptfs.go:102.60,104.2 1 1
github.com/absfs/ptfs/ptfs.go:108.61,110.2 1 1
github.com/absfs/ptfs/ptfs.go:113.65,115.2 1 1
github.com/absfs/ptfs/ptfs.go:118.83,120.2 1 1
github.com/absfs/ptfs/ptfs.go:123.61,125.2 1 1
github.com/absfs/ptfs/ptfs.go:127.46,129.2 1 1
github.com/absfs/ptfs/ptfs.go:131.54,133.2 1 1
github.com/absfs/ptfs/ptfs.go:135.39,137.2 1 1
github.com/absfs/ptfs/ptfs.go:139.60,141.2 1 1
github.com/absfs/ptfs/ptfs.go:143.62,145.2 1 1
github.com/absfs/ptfs/ptfs.go:147.68,149.2 1 1
github.com/absfs/ptfs/ptfs.go:151.57,153.2 1 1
github.com/absfs/ptfs/ptfs.go:155.62,157.2 1 1
github.com/absfs/ptfs/ptfs.go:159.66,161.2 1 0
github.com/absfs/ptfs/ptfs.go:163.60,165.2 1 0
github.com/absfs/ptfs/ptfs.go:167.53,169.2 1 0
github.com/absfs/ptfs/ptfs.go:175.75,177.2 1 1
github.com/absfs/ptfs/ptfs.go:180.99,182.2 1 1
github.com/absfs/ptfs/ptfs.go:186.72,188.2 1 1
github.com/absfs/ptfs/ptfs.go:192.55,194.2 1 1
github.com/absfs/ptfs/ptfs.go:196.67,198.2 1 1
github.com/absfs/ptfs/ptfs.go:202.68,204.2 1 1
github.com/absfs/ptfs/ptfs.go:207.72,209.2 1 1
github.com/absfs/ptfs/ptfs.go:212.90,214.2 1 1
github.com/absfs/ptfs/ptfs.go:217.68,219.2 1 1
github.com/absfs/ptfs/ptfs.go:221.53,223.2 1 1
github.com/absfs/ptfs/ptfs.go:225.61,227.2 1 1
github.com/absfs/ptfs/ptfs.go:229.46,231.2 1 1
github.com/absfs/ptfs/ptfs.go:233.67,235.2 1 1
github.com/absfs/ptfs/ptfs.go:237.69,239.2 1 1
github.com/absfs/ptfs/ptfs.go:241.75,243.2 1 1
github.com/absfs/ptfs/ptfs.go:245.64,247.2 1 1
github.com/absfs/ptfs/ptfs.go:249.69,251.2 1 1
github.com/absfs/ptfs/ptfs.go:253.73,255.2 1 0
github.com/absfs/ptfs/ptfs.go:257.67,259.2 1 0
github.com/absfs/ptfs/ptfs.go:261.60,263.2 1 0
github.com/absfs/ptfs/ptfs.go:268.69,270.2 1 1
github.com/absfs/ptfs/ptfs.go:278.69,280.2 1 1
github.com/absfs/ptfs/ptfs.go:284.67,286.2 1 1
github.com/absfs/ptfs/ptfs.go:290.68,292.2 1 1
github.com/absfs/ptfs/utils.go:10.46,12.8 2 1
github.com/absfs/ptfs/utils.go:12.8,14.3 1 1
github.com/absfs/ptfs/utils.go:15.2,15.11 1 1
github.com/absfs/ptfs/utils.go:21.53,23.8 2 1
github.com/absfs/ptfs/utils.go:23.8,25.3 1 1
github.com/absfs/ptfs/utils.go:26.2,26.11 1 1
github.com/absfs/ptfs/utils.go:32.74,34.8 2 1
github.com/absfs/ptfs/utils.go:34.8,36.3 1 1
github.com/absfs/ptfs/utils.go:37.2,37.11 1 1
